<?xml version="1.0" encoding="UTF-8"?>
<!-- Generated by org.testng.reporters.JUnitReportReporter -->
<testsuite hostname="kaeinq.local" failures="0" tests="4" name="com.example.AppTest" time="96.081" errors="0" timestamp="2025-01-29T22:08:09 GMT+05:00" skipped="0">
  <testcase classname="com.example.AppTest" name="searchKpop" time="10.845"/>
  <system-out/>
  <testcase classname="com.example.AppTest" name="searchKpopFail" time="8.442"/>
  <system-out/>
  <testcase classname="com.example.AppTest" name="loginTest" time="46.458"/>
  <system-out/>
  <testcase classname="com.example.AppTest" name="loginTestFail" time="30.336"/>
  <system-out/>
</testsuite> <!-- com.example.AppTest -->
