<?xml version="1.0" encoding="UTF-8"?>
<!-- Generated by org.testng.reporters.JUnitReportReporter -->
<testsuite hostname="kaeinq.local" failures="0" tests="2" name="com.example.tests.SauceLabsTest" time="33.671" errors="0" timestamp="2025-01-31T21:25:40 GMT+05:00" skipped="0">
  <testcase classname="com.example.tests.SauceLabsTest" name="loginTest" time="13.801"/>
  <testcase classname="com.example.tests.SauceLabsTest" name="loginTestFail" time="19.870"/>
</testsuite> <!-- com.example.tests.SauceLabsTest -->
