<?xml version="1.0" encoding="UTF-8"?>
<!-- Generated by org.testng.reporters.JUnitReportReporter -->
<testsuite hostname="kaeinq.local" failures="0" tests="3" name="com.example.tests.TestRunner" time="26.326" errors="0" timestamp="2025-02-01T16:10:31 GMT+05:00" skipped="0">
  <testcase classname="com.example.tests.TestRunner" name="runScenario" time="11.067"/>
  <testcase classname="com.example.tests.TestRunner" name="runCucumberTests" time="0.001"/>
  <testcase classname="com.example.tests.TestRunner" name="runScenario" time="15.258"/>
</testsuite> <!-- com.example.tests.TestRunner -->
