<?xml version="1.0" encoding="UTF-8"?>
<!-- Generated by org.testng.reporters.JUnitReportReporter -->
<testsuite hostname="kaeinq.local" failures="0" tests="2" name="com.example.tests.ApiTest" time="1.776" errors="0" timestamp="2025-02-01T16:17:00 GMT+05:00" skipped="0">
  <testcase classname="com.example.tests.ApiTest" name="testInvalidCoordinates" time="0.290"/>
  <testcase classname="com.example.tests.ApiTest" name="testGetWeatherByCoordinates" time="1.486"/>
</testsuite> <!-- com.example.tests.ApiTest -->
